<?xml version="1.0" encoding="UTF-8"?>
<coverage generated="1660638061735" clover="3.2.0">
  <project timestamp="1660638061735" name="All files">
    <metrics statements="11" coveredstatements="1" conditionals="8" coveredconditionals="0" methods="3" coveredmethods="1" elements="22" coveredelements="2" complexity="0" loc="11" ncloc="11" packages="1" files="1" classes="1"/>
    <file name="index.js" path="D:\web\Projects\async\compareFileSizes\index.js">
      <metrics statements="11" coveredstatements="1" conditionals="8" coveredconditionals="0" methods="3" coveredmethods="1"/>
      <line num="4" count="4" type="stmt"/>
      <line num="5" count="0" type="cond" truecount="0" falsecount="2"/>
      <line num="6" count="0" type="stmt"/>
      <line num="8" count="0" type="stmt"/>
      <line num="9" count="0" type="cond" truecount="0" falsecount="2"/>
      <line num="10" count="0" type="stmt"/>
      <line num="13" count="0" type="cond" truecount="0" falsecount="2"/>
      <line num="14" count="0" type="stmt"/>
      <line num="15" count="0" type="cond" truecount="0" falsecount="2"/>
      <line num="16" count="0" type="stmt"/>
      <line num="18" count="0" type="stmt"/>
    </file>
  </project>
</coverage>
