{"D:\\web\\Projects\\async\\compareFileSizes\\index.js": {"path":"D:\\web\\Projects\\async\\compareFileSizes\\index.js","statementMap":{"0":{"start":{"line":4,"column":4},"end":{"line":22,"column":11}},"1":{"start":{"line":5,"column":8},"end":{"line":22,"column":9}},"2":{"start":{"line":6,"column":12},"end":{"line":6,"column":18}},"3":{"start":{"line":8,"column":12},"end":{"line":21,"column":14}},"4":{"start":{"line":9,"column":16},"end":{"line":20,"column":17}},"5":{"start":{"line":10,"column":20},"end":{"line":10,"column":26}},"6":{"start":{"line":13,"column":20},"end":{"line":19,"column":21}},"7":{"start":{"line":14,"column":24},"end":{"line":14,"column":29}},"8":{"start":{"line":15,"column":27},"end":{"line":19,"column":21}},"9":{"start":{"line":16,"column":24},"end":{"line":16,"column":29}},"10":{"start":{"line":18,"column":24},"end":{"line":18,"column":30}}},"fnMap":{"0":{"name":"compareFizeSizes","decl":{"start":{"line":3,"column":30},"end":{"line":3,"column":46}},"loc":{"start":{"line":3,"column":64},"end":{"line":23,"column":1}},"line":3},"1":{"name":"(anonymous_1)","decl":{"start":{"line":4,"column":16},"end":{"line":4,"column":17}},"loc":{"start":{"line":4,"column":31},"end":{"line":22,"column":10}},"line":4},"2":{"name":"(anonymous_2)","decl":{"start":{"line":8,"column":24},"end":{"line":8,"column":25}},"loc":{"start":{"line":8,"column":41},"end":{"line":21,"column":13}},"line":8}},"branchMap":{"0":{"loc":{"start":{"line":5,"column":8},"end":{"line":22,"column":9}},"type":"if","locations":[{"start":{"line":5,"column":8},"end":{"line":22,"column":9}},{"start":{"line":7,"column":15},"end":{"line":22,"column":9}}],"line":5},"1":{"loc":{"start":{"line":9,"column":16},"end":{"line":20,"column":17}},"type":"if","locations":[{"start":{"line":9,"column":16},"end":{"line":20,"column":17}},{"start":{"line":11,"column":23},"end":{"line":20,"column":17}}],"line":9},"2":{"loc":{"start":{"line":13,"column":20},"end":{"line":19,"column":21}},"type":"if","locations":[{"start":{"line":13,"column":20},"end":{"line":19,"column":21}},{"start":{"line":15,"column":27},"end":{"line":19,"column":21}}],"line":13},"3":{"loc":{"start":{"line":15,"column":27},"end":{"line":19,"column":21}},"type":"if","locations":[{"start":{"line":15,"column":27},"end":{"line":19,"column":21}},{"start":{"line":17,"column":27},"end":{"line":19,"column":21}}],"line":15}},"s":{"0":4,"1":0,"2":0,"3":0,"4":0,"5":0,"6":0,"7":0,"8":0,"9":0,"10":0},"f":{"0":4,"1":0,"2":0},"b":{"0":[0,0],"1":[0,0],"2":[0,0],"3":[0,0]},"_coverageSchema":"1a1c01bbd47fc00a2c39e90264f33305004495a9","hash":"635aec0b48462b1d4cc0c3e122bb1ba71c698efb"}
}
